<<<<<<< HEAD
This is pdfTeX, Version 3.14159265-2.6-1.40.21 (TeX Live 2020) (preloaded format=pdflatex 2020.8.20)  17 MAY 2022 23:43
=======
This is pdfTeX, Version 3.141592653-2.6-1.40.24 (TeX Live 2022) (preloaded format=pdflatex 2022.5.16)  18 MAY 2022 13:19
>>>>>>> c495da0e723da64700151fdd6865689144c2a226
entering extended mode
 restricted \write18 enabled.
 file:line:error style messages enabled.
 %&-line parsing enabled.
**"/Users/fszhuangb/Downloads/nested sampling with peers/Nested-Sampling-With-Peers/dissertation.tex"
(/Users/fszhuangb/Downloads/nested sampling with peers/Nested-Sampling-With-Peers/dissertation.tex
LaTeX2e <2020-02-02> patch level 5
L3 programming layer <2020-03-06> (/usr/local/texlive/2020/texmf-dist/tex/latex/base/book.cls
Document Class: book 2019/12/20 v1.4l Standard LaTeX document class
(/usr/local/texlive/2020/texmf-dist/tex/latex/base/bk11.clo
File: bk11.clo 2019/12/20 v1.4l Standard LaTeX file (size option)
)
\c@part=\count167
\c@chapter=\count168
\c@section=\count169
\c@subsection=\count170
\c@subsubsection=\count171
\c@paragraph=\count172
\c@subparagraph=\count173
\c@figure=\count174
\c@table=\count175
\abovecaptionskip=\skip47
\belowcaptionskip=\skip48
\bibindent=\dimen134
) (/usr/local/texlive/2020/texmf-dist/tex/latex/amsfonts/amsfonts.sty
Package: amsfonts 2013/01/14 v3.01 Basic AMSFonts support
\@emptytoks=\toks15
\symAMSa=\mathgroup4
\symAMSb=\mathgroup5
LaTeX Font Info:    Redeclaring math symbol \hbar on input line 98.
LaTeX Font Info:    Overwriting math alphabet `\mathfrak' in version `bold'
(Font)                  U/euf/m/n --> U/euf/b/n on input line 106.
) (/usr/local/texlive/2020/texmf-dist/tex/latex/amsmath/amsmath.sty
Package: amsmath 2020/01/20 v2.17e AMS math features
\@mathmargin=\skip49

For additional information on amsmath, use the `?' option.
(/usr/local/texlive/2020/texmf-dist/tex/latex/amsmath/amstext.sty
Package: amstext 2000/06/29 v2.01 AMS text
 (/usr/local/texlive/2020/texmf-dist/tex/latex/amsmath/amsgen.sty
File: amsgen.sty 1999/11/30 v2.0 generic functions
\@emptytoks=\toks16
\ex@=\dimen135
)) (/usr/local/texlive/2020/texmf-dist/tex/latex/amsmath/amsbsy.sty
Package: amsbsy 1999/11/29 v1.2d Bold Symbols
\pmbraise@=\dimen136
) (/usr/local/texlive/2020/texmf-dist/tex/latex/amsmath/amsopn.sty
Package: amsopn 2016/03/08 v2.02 operator names
)
\inf@bad=\count176
LaTeX Info: Redefining \frac on input line 227.
\uproot@=\count177
\leftroot@=\count178
LaTeX Info: Redefining \overline on input line 389.
\classnum@=\count179
\DOTSCASE@=\count180
LaTeX Info: Redefining \ldots on input line 486.
LaTeX Info: Redefining \dots on input line 489.
LaTeX Info: Redefining \cdots on input line 610.
\Mathstrutbox@=\box45
\strutbox@=\box46
\big@size=\dimen137
LaTeX Font Info:    Redeclaring font encoding OML on input line 733.
LaTeX Font Info:    Redeclaring font encoding OMS on input line 734.
\macc@depth=\count181
\c@MaxMatrixCols=\count182
\dotsspace@=\muskip16
\c@parentequation=\count183
\dspbrk@lvl=\count184
\tag@help=\toks17
\row@=\count185
\column@=\count186
\maxfields@=\count187
\andhelp@=\toks18
\eqnshift@=\dimen138
\alignsep@=\dimen139
\tagshift@=\dimen140
\tagwidth@=\dimen141
\totwidth@=\dimen142
\lineht@=\dimen143
\@envbody=\toks19
\multlinegap=\skip50
\multlinetaggap=\skip51
\mathdisplay@stack=\toks20
LaTeX Info: Redefining \[ on input line 2859.
LaTeX Info: Redefining \] on input line 2860.
) (/usr/local/texlive/2020/texmf-dist/tex/latex/amsfonts/amssymb.sty
Package: amssymb 2013/01/14 v3.01 AMS font symbols
) (/usr/local/texlive/2020/texmf-dist/tex/latex/psnfss/times.sty
Package: times 2005/04/12 PSNFSS-v9.2a (SPQR) 
) (/usr/local/texlive/2020/texmf-dist/tex/latex/graphics/graphicx.sty
Package: graphicx 2019/11/30 v1.2a Enhanced LaTeX Graphics (DPC,SPQR)
 (/usr/local/texlive/2020/texmf-dist/tex/latex/graphics/keyval.sty
Package: keyval 2014/10/28 v1.15 key=value parser (DPC)
\KV@toks@=\toks21
) (/usr/local/texlive/2020/texmf-dist/tex/latex/graphics/graphics.sty
Package: graphics 2019/11/30 v1.4a Standard LaTeX Graphics (DPC,SPQR)
 (/usr/local/texlive/2020/texmf-dist/tex/latex/graphics/trig.sty
Package: trig 2016/01/03 v1.10 sin cos tan (DPC)
) (/usr/local/texlive/2020/texmf-dist/tex/latex/graphics-cfg/graphics.cfg
File: graphics.cfg 2016/06/04 v1.11 sample graphics configuration
)
Package graphics Info: Driver file: pdftex.def on input line 105.
 (/usr/local/texlive/2020/texmf-dist/tex/latex/graphics-def/pdftex.def
File: pdftex.def 2018/01/08 v1.0l Graphics/color driver for pdftex
))
<<<<<<< HEAD
\Gin@req@height=\dimen144
\Gin@req@width=\dimen145
) (/usr/local/texlive/2020/texmf-dist/tex/latex/l3backend/l3backend-pdfmode.def
File: l3backend-pdfmode.def 2020-03-12 L3 backend support: PDF mode
\l__kernel_color_stack_int=\count188
\l__pdf_internal_box=\box47
) (/Users/fszhuangb/Downloads/nested sampling with peers/Nested-Sampling-With-Peers/dissertation.aux)
=======
\Gin@req@height=\dimen148
\Gin@req@width=\dimen149
)
LaTeX Font Info:    Trying to load font information for OT1+ptm on input line 31.
 (/usr/local/texlive/2022/texmf-dist/tex/latex/psnfss/ot1ptm.fd
File: ot1ptm.fd 2001/06/04 font definitions for OT1/ptm.
) (/usr/local/texlive/2022/texmf-dist/tex/latex/l3backend/l3backend-pdftex.def
File: l3backend-pdftex.def 2022-02-07 L3 backend support: PDF output (pdfTeX)
\l__color_backend_stack_int=\count272
\l__pdf_internal_box=\box52
) (./dissertation.aux

LaTeX Warning: Label `fig:modes' multiply defined.

)
>>>>>>> c495da0e723da64700151fdd6865689144c2a226
\openout1 = `dissertation.aux'.

LaTeX Font Info:    Checking defaults for OML/cmm/m/it on input line 31.
LaTeX Font Info:    ... okay on input line 31.
LaTeX Font Info:    Checking defaults for OMS/cmsy/m/n on input line 31.
LaTeX Font Info:    ... okay on input line 31.
LaTeX Font Info:    Checking defaults for OT1/cmr/m/n on input line 31.
LaTeX Font Info:    ... okay on input line 31.
LaTeX Font Info:    Checking defaults for T1/cmr/m/n on input line 31.
LaTeX Font Info:    ... okay on input line 31.
LaTeX Font Info:    Checking defaults for TS1/cmr/m/n on input line 31.
LaTeX Font Info:    ... okay on input line 31.
LaTeX Font Info:    Checking defaults for OMX/cmex/m/n on input line 31.
LaTeX Font Info:    ... okay on input line 31.
LaTeX Font Info:    Checking defaults for U/cmr/m/n on input line 31.
LaTeX Font Info:    ... okay on input line 31.
LaTeX Font Info:    Trying to load font information for OT1+ptm on input line 31.
 (/usr/local/texlive/2020/texmf-dist/tex/latex/psnfss/ot1ptm.fd
File: ot1ptm.fd 2001/06/04 font definitions for OT1/ptm.
) (/usr/local/texlive/2020/texmf-dist/tex/context/base/mkii/supp-pdf.mkii
[Loading MPS to PDF converter (version 2006.09.02).]
\scratchcounter=\count189
\scratchdimen=\dimen146
\scratchbox=\box48
\nofMPsegments=\count190
\nofMParguments=\count191
\everyMPshowfont=\toks22
\MPscratchCnt=\count192
\MPscratchDim=\dimen147
\MPnumerator=\count193
\makeMPintoPDFobject=\count194
\everyMPtoPDFconversion=\toks23
) (/usr/local/texlive/2020/texmf-dist/tex/latex/epstopdf-pkg/epstopdf-base.sty
Package: epstopdf-base 2020-01-24 v2.11 Base part for package epstopdf
Package epstopdf-base Info: Redefining graphics rule for `.eps' on input line 485.
 (/usr/local/texlive/2020/texmf-dist/tex/latex/latexconfig/epstopdf-sys.cfg
File: epstopdf-sys.cfg 2010/07/13 v1.3 Configuration of (r)epstopdf for TeX Live
))
<logo.jpg, id=1, 202.94pt x 229.95pt>
File: logo.jpg Graphic file (type jpg)
<use logo.jpg>
Package pdftex.def Info: logo.jpg  used on input line 48.
(pdftex.def)             Requested size: 56.9055pt x 64.47678pt.
 [1

{/usr/local/texlive/2020/texmf-var/fonts/map/pdftex/updmap/pdftex.map} </Users/fszhuangb/Downloads/nested sampling with peers/Nested-Sampling-With-Peers/logo.jpg>] [2

] [1] [2

] (/Users/fszhuangb/Downloads/nested sampling with peers/Nested-Sampling-With-Peers/dissertation.toc
LaTeX Font Info:    Trying to load font information for U+msa on input line 3.
 (/usr/local/texlive/2020/texmf-dist/tex/latex/amsfonts/umsa.fd
File: umsa.fd 2013/01/14 v3.01 AMS symbols A
)
LaTeX Font Info:    Trying to load font information for U+msb on input line 3.
 (/usr/local/texlive/2020/texmf-dist/tex/latex/amsfonts/umsb.fd
File: umsb.fd 2013/01/14 v3.01 AMS symbols B
) [3])
\tf@toc=\write3
\openout3 = `dissertation.toc'.

 [4]
Chapter 1.
[5

]
<<<<<<< HEAD
Chapter 1.
[5]
Overfull \hbox (12.18129pt too wide) in paragraph at lines 140--143
\OT1/ptm/m/n/10.95 where $\OML/cmm/m/it/10.95 I$ \OT1/ptm/m/n/10.95 rep-re-sents the un-der-ly-ing as-sump-tions and in-for-ma-tion, and the in-te-gral is N-dimensional,
 []

[6]
Chapter 2.
LaTeX Font Info:    Trying to load font information for OT1+pcr on input line 172.
(/usr/local/texlive/2020/texmf-dist/tex/latex/psnfss/ot1pcr.fd
File: ot1pcr.fd 2001/06/04 font definitions for OT1/pcr.
)
Overfull \hbox (17.38231pt too wide) in paragraph at lines 174--176
=======
<areaz.png, id=33, 764.8575pt x 706.64pt>
File: areaz.png Graphic file (type png)
<use areaz.png>
Package pdftex.def Info: areaz.png  used on input line 178.
(pdftex.def)             Requested size: 247.54149pt x 228.69563pt.
 [6]
Underfull \vbox (badness 5446) has occurred while \output is active []

 [7 <./areaz.png>] [8]
Chapter 2.
LaTeX Font Info:    Trying to load font information for OT1+pcr on input line 202.
(/usr/local/texlive/2022/texmf-dist/tex/latex/psnfss/ot1pcr.fd
File: ot1pcr.fd 2001/06/04 font definitions for OT1/pcr.
)
Overfull \hbox (17.38231pt too wide) in paragraph at lines 204--206
>>>>>>> c495da0e723da64700151fdd6865689144c2a226
[]\OT1/ptm/m/n/10.95 Mathematical sym-bols: $[] [] [] [] [] []$ ([][]\OT1/pcr/m/n/10.95 $\int\oint\sum\lim\bigcup\bigcap$[]\OT1/ptm/m/n/10.95 ). 
 []


<<<<<<< HEAD
Overfull \hbox (57.87708pt too wide) in paragraph at lines 201--203
=======
Overfull \hbox (57.87708pt too wide) in paragraph at lines 231--233
>>>>>>> c495da0e723da64700151fdd6865689144c2a226
\OT1/ptm/m/n/10.95 can be re-ferred to some-where else in the text by us-ing [][]\OT1/pcr/m/n/10.95 \ref{eqn:matrix} []\OT1/ptm/m/n/10.95 or [][]\OT1/pcr/m/n/10.95 \eqref{eqn:matrix}[]\OT1/ptm/m/n/10.95 . 
 []

[9

]
<<<<<<< HEAD
LaTeX Font Info:    Trying to load font information for TS1+ptm on input line 221.
 (/usr/local/texlive/2020/texmf-dist/tex/latex/psnfss/ts1ptm.fd
=======
LaTeX Font Info:    Trying to load font information for TS1+ptm on input line 251.
 (/usr/local/texlive/2022/texmf-dist/tex/latex/psnfss/ts1ptm.fd
>>>>>>> c495da0e723da64700151fdd6865689144c2a226
File: ts1ptm.fd 2001/06/04 font definitions for TS1/ptm.
) [10]
<modes.jpg, id=56, 477.7047pt x 377.2494pt>
File: modes.jpg Graphic file (type jpg)
<use modes.jpg>
<<<<<<< HEAD
Package pdftex.def Info: modes.jpg  used on input line 261.
(pdftex.def)             Requested size: 247.54149pt x 195.48581pt.
 [9 </Users/fszhuangb/Downloads/nested sampling with peers/Nested-Sampling-With-Peers/modes.jpg>]
Overfull \hbox (99.89442pt too wide) in paragraph at lines 299--299
=======
Package pdftex.def Info: modes.jpg  used on input line 291.
(pdftex.def)             Requested size: 247.54149pt x 195.48581pt.
 [11 <./modes.jpg>]
Overfull \hbox (99.89442pt too wide) in paragraph at lines 329--329
>>>>>>> c495da0e723da64700151fdd6865689144c2a226
[]\OT1/pcr/m/n/10.95 \caption[title of table]{\textbf{title of table} - Overview of latexin genes.}[] 
 []


<<<<<<< HEAD
Overfull \hbox (47.33449pt too wide) in paragraph at lines 299--299
=======
Overfull \hbox (47.33449pt too wide) in paragraph at lines 329--329
>>>>>>> c495da0e723da64700151fdd6865689144c2a226
[]\OT1/pcr/m/n/10.95 \label{latexin_genes} % label for cross-links with \ref{latexin_genes}[] 
 []

[12] [13] [14

]
Chapter 3.
[15] [16

]
Chapter 4.
[17] [18

]
Chapter 5.
[19] [20

] [21] [22

]
Appendix A.
<<<<<<< HEAD
[21] (/Users/fszhuangb/Downloads/nested sampling with peers/Nested-Sampling-With-Peers/dissertation.aux) ) 
Here is how much of TeX's memory you used:
 2446 strings out of 480608
 32727 string characters out of 5903630
 267767 words of memory out of 5000000
 18311 multiletter control sequences out of 15000+600000
 555040 words of font info for 67 fonts, out of 8000000 for 9000
 1141 hyphenation exceptions out of 8191
 30i,12n,27p,648b,276s stack positions out of 5000i,500n,10000p,200000b,80000s
{/usr/local/texlive/2020/texmf-dist/fonts/enc/dvips/base/8r.enc}</usr/local/texlive/2020/texmf-dist/fonts/type1/public/amsfonts/cm/cmex10.pfb></usr/local/texlive/2020/texmf-dist/fonts/type1/public/amsfonts/cm/cmmi10.pfb></usr/local/texlive/2020/texmf-dist/fonts/type1/public/amsfonts/cm/cmmi8.pfb></usr/local/texlive/2020/texmf-dist/fonts/type1/public/amsfonts/cm/cmr10.pfb></usr/local/texlive/2020/texmf-dist/fonts/type1/public/amsfonts/cm/cmr8.pfb></usr/local/texlive/2020/texmf-dist/fonts/type1/public/amsfonts/cm/cmsy10.pfb></usr/local/texlive/2020/texmf-dist/fonts/type1/public/amsfonts/cm/cmsy8.pfb></usr/local/texlive/2020/texmf-dist/fonts/type1/urw/courier/ucrr8a.pfb></usr/local/texlive/2020/texmf-dist/fonts/type1/urw/times/utmb8a.pfb></usr/local/texlive/2020/texmf-dist/fonts/type1/urw/times/utmr8a.pfb></usr/local/texlive/2020/texmf-dist/fonts/type1/urw/times/utmr8a.pfb></usr/local/texlive/2020/texmf-dist/fonts/type1/urw/times/utmri8a.pfb>
Output written on "/Users/fszhuangb/Downloads/nested sampling with peers/Nested-Sampling-With-Peers/dissertation.pdf" (23 pages, 215562 bytes).
PDF statistics:
 129 PDF objects out of 1000 (max. 8388607)
 89 compressed objects within 1 object stream
=======
[23] (./dissertation.aux)

LaTeX Warning: There were multiply-defined labels.

 ) 
Here is how much of TeX's memory you used:
 2706 strings out of 478268
 39733 string characters out of 5846347
 330643 words of memory out of 5000000
 20887 multiletter control sequences out of 15000+600000
 491961 words of font info for 71 fonts, out of 8000000 for 9000
 1141 hyphenation exceptions out of 8191
 55i,12n,62p,638b,287s stack positions out of 10000i,1000n,20000p,200000b,200000s
{/usr/local/texlive/2022/texmf-dist/fonts/enc/dvips/base/8r.enc}</usr/local/texlive/2022/texmf-dist/fonts/type1/public/amsfonts/cm/cmex10.pfb></usr/local/texlive/2022/texmf-dist/fonts/type1/public/amsfonts/cm/cmmi10.pfb></usr/local/texlive/2022/texmf-dist/fonts/type1/public/amsfonts/cm/cmmi8.pfb></usr/local/texlive/2022/texmf-dist/fonts/type1/public/amsfonts/cm/cmr10.pfb></usr/local/texlive/2022/texmf-dist/fonts/type1/public/amsfonts/cm/cmr8.pfb></usr/local/texlive/2022/texmf-dist/fonts/type1/public/amsfonts/cm/cmsy10.pfb></usr/local/texlive/2022/texmf-dist/fonts/type1/public/amsfonts/cm/cmsy8.pfb></usr/local/texlive/2022/texmf-dist/fonts/type1/urw/courier/ucrr8a.pfb></usr/local/texlive/2022/texmf-dist/fonts/type1/urw/times/utmb8a.pfb></usr/local/texlive/2022/texmf-dist/fonts/type1/urw/times/utmr8a.pfb></usr/local/texlive/2022/texmf-dist/fonts/type1/urw/times/utmr8a.pfb></usr/local/texlive/2022/texmf-dist/fonts/type1/urw/times/utmri8a.pfb>
Output written on dissertation.pdf (25 pages, 273348 bytes).
PDF statistics:
 151 PDF objects out of 1000 (max. 8388607)
 95 compressed objects within 1 object stream
>>>>>>> c495da0e723da64700151fdd6865689144c2a226
 0 named destinations out of 1000 (max. 500000)
 16 words of extra memory for PDF output out of 10000 (max. 10000000)

